#-----------------------------------------------------------
# Vivado v2020.2 (64-bit)
# SW Build 3064766 on Wed Nov 18 09:12:45 MST 2020
# IP Build 3064653 on Wed Nov 18 14:17:31 MST 2020
# Start of session at: Mon May  3 14:46:27 2021
# Process ID: 11096
# Current directory: C:/Users/PC/Documents/VUT/Digitlnelektronika1/Cvika/Digital-electronics-1-Project/Door lock system
# Command line: vivado.exe -gui_launcher_event rodinguilauncherevent2348 C:\Users\PC\Documents\VUT\Digitlnelektronika1\Cvika\Digital-electronics-1-Project\Door lock system\Door lock system.xpr
# Log file: C:/Users/PC/Documents/VUT/Digitlnelektronika1/Cvika/Digital-electronics-1-Project/Door lock system/vivado.log
# Journal file: C:/Users/PC/Documents/VUT/Digitlnelektronika1/Cvika/Digital-electronics-1-Project/Door lock system\vivado.jou
#-----------------------------------------------------------
start_gui
open_project {C:/Users/PC/Documents/VUT/Digitlnelektronika1/Cvika/Digital-electronics-1-Project/Door lock system/Door lock system.xpr}
INFO: [ProjectBase 1-489] The host OS only allows 260 characters in a normal path. The project is stored in a path with more than 80 characters. If you experience issues with IP, Block Designs, or files not being found, please consider moving the project to a location with a shorter path. Alternately consider using the OS subst command to map part of the path to a drive letter.
Current project path is 'C:/Users/PC/Documents/VUT/Digitlnelektronika1/Cvika/Digital-electronics-1-Project/Door lock system'
WARNING: [filemgmt 56-3] Default IP Output Path : Could not find the directory 'C:/Users/PC/Documents/VUT/Digitlnelektronika1/Cvika/Digital-electronics-1-Project/Door lock system/Door lock system.gen/sources_1'.
Scanning sources...
Finished scanning sources
INFO: [IP_Flow 19-234] Refreshing IP repositories
INFO: [IP_Flow 19-1704] No user IP repositories specified
INFO: [IP_Flow 19-2313] Loaded Vivado IP repository 'C:/Xilinx/Vivado/2020.2/data/ip'.
open_project: Time (s): cpu = 00:00:22 ; elapsed = 00:00:21 . Memory (MB): peak = 987.168 ; gain = 0.000
update_compile_order -fileset sources_1
launch_simulation
Command: launch_simulation 
INFO: [Vivado 12-5682] Launching behavioral simulation in 'C:/Users/PC/Documents/VUT/Digitlnelektronika1/Cvika/Digital-electronics-1-Project/Door lock system/Door lock system.sim/sim_1/behav/xsim'
INFO: [SIM-utils-51] Simulation object is 'sim_1'
INFO: [SIM-utils-54] Inspecting design source files for 'tb_door_lock_system' in fileset 'sim_1'...
INFO: [USF-XSim-97] Finding global include files...
INFO: [USF-XSim-98] Fetching design files from 'sim_1'...
INFO: [USF-XSim-2] XSim::Compile design
INFO: [USF-XSim-61] Executing 'COMPILE and ANALYZE' step in 'C:/Users/PC/Documents/VUT/Digitlnelektronika1/Cvika/Digital-electronics-1-Project/Door lock system/Door lock system.sim/sim_1/behav/xsim'
"xvhdl --incr --relax -prj tb_door_lock_system_vhdl.prj"
INFO: [VRFC 10-163] Analyzing VHDL file "C:/Users/PC/Documents/VUT/Digitlnelektronika1/Cvika/Digital-electronics-1-Project/Door lock system/Door lock system.srcs/sources_1/new/display_control.vhd" into library xil_defaultlib
INFO: [VRFC 10-3107] analyzing entity 'display_control'
INFO: [VRFC 10-163] Analyzing VHDL file "C:/Users/PC/Documents/VUT/Digitlnelektronika1/Cvika/Digital-electronics-1-Project/Door lock system/Door lock system.srcs/sources_1/new/door_lock_system.vhd" into library xil_defaultlib
INFO: [VRFC 10-3107] analyzing entity 'door_lock_system'
INFO: [VRFC 10-163] Analyzing VHDL file "C:/Users/PC/Documents/VUT/Digitlnelektronika1/Cvika/Digital-electronics-1-Project/Door lock system/Door lock system.srcs/sim_1/new/tb_door_lock_system.vhd" into library xil_defaultlib
INFO: [VRFC 10-3107] analyzing entity 'tb_door_lock_system'
INFO: [USF-XSim-69] 'compile' step finished in '4' seconds
INFO: [USF-XSim-3] XSim::Elaborate design
INFO: [USF-XSim-61] Executing 'ELABORATE' step in 'C:/Users/PC/Documents/VUT/Digitlnelektronika1/Cvika/Digital-electronics-1-Project/Door lock system/Door lock system.sim/sim_1/behav/xsim'
"xelab -wto aab6f50ef0394d9995978929752938d6 --incr --debug typical --relax --mt 2 -L xil_defaultlib -L secureip --snapshot tb_door_lock_system_behav xil_defaultlib.tb_door_lock_system -log elaborate.log"
Vivado Simulator 2020.2
Copyright 1986-1999, 2001-2020 Xilinx, Inc. All Rights Reserved.
Running: C:/Xilinx/Vivado/2020.2/bin/unwrapped/win64.o/xelab.exe -wto aab6f50ef0394d9995978929752938d6 --incr --debug typical --relax --mt 2 -L xil_defaultlib -L secureip --snapshot tb_door_lock_system_behav xil_defaultlib.tb_door_lock_system -log elaborate.log 
Using 2 slave threads.
Starting static elaboration
Completed static elaboration
Starting simulation data flow analysis
Completed simulation data flow analysis
Time Resolution for simulation is 1ps
Compiling package std.standard
Compiling package std.textio
Compiling package ieee.std_logic_1164
Compiling package ieee.numeric_std
Compiling architecture behavioral of entity xil_defaultlib.display_control [display_control_default]
Compiling architecture behavioral of entity xil_defaultlib.door_lock_system [door_lock_system_default]
Compiling architecture testbench of entity xil_defaultlib.tb_door_lock_system
Built simulation snapshot tb_door_lock_system_behav
run_program: Time (s): cpu = 00:00:02 ; elapsed = 00:00:08 . Memory (MB): peak = 987.168 ; gain = 0.000
INFO: [USF-XSim-69] 'elaborate' step finished in '7' seconds
INFO: [USF-XSim-4] XSim::Simulate design
INFO: [USF-XSim-61] Executing 'SIMULATE' step in 'C:/Users/PC/Documents/VUT/Digitlnelektronika1/Cvika/Digital-electronics-1-Project/Door lock system/Door lock system.sim/sim_1/behav/xsim'
INFO: [USF-XSim-98] *** Running xsim
   with args "tb_door_lock_system_behav -key {Behavioral:sim_1:Functional:tb_door_lock_system} -tclbatch {tb_door_lock_system.tcl} -log {simulate.log}"
INFO: [USF-XSim-8] Loading simulator feature
Vivado Simulator 2020.2
Time resolution is 1 ps
source tb_door_lock_system.tcl
# set curr_wave [current_wave_config]
# if { [string length $curr_wave] == 0 } {
#   if { [llength [get_objects]] > 0} {
#     add_wave /
#     set_property needs_save false [current_wave_config]
#   } else {
#      send_msg_id Add_Wave-1 WARNING "No top level signals found. Simulator will start without a wave window. If you want to open a wave window go to 'File->New Waveform Configuration' or type 'create_wave_config' in the TCL console."
#   }
# }
# run 4000ns
Note: Stimulus process started
Time: 0 ps  Iteration: 0  Process: /tb_door_lock_system/p_stimulus  File: C:/Users/PC/Documents/VUT/Digitlnelektronika1/Cvika/Digital-electronics-1-Project/Door lock system/Door lock system.srcs/sim_1/new/tb_door_lock_system.vhd
Note: Stimulus process finished
Time: 2980 ns  Iteration: 0  Process: /tb_door_lock_system/p_stimulus  File: C:/Users/PC/Documents/VUT/Digitlnelektronika1/Cvika/Digital-electronics-1-Project/Door lock system/Door lock system.srcs/sim_1/new/tb_door_lock_system.vhd
xsim: Time (s): cpu = 00:00:11 ; elapsed = 00:00:06 . Memory (MB): peak = 987.168 ; gain = 0.000
INFO: [USF-XSim-96] XSim completed. Design snapshot 'tb_door_lock_system_behav' loaded.
INFO: [USF-XSim-97] XSim simulation ran for 4000ns
launch_simulation: Time (s): cpu = 00:00:14 ; elapsed = 00:00:18 . Memory (MB): peak = 987.168 ; gain = 0.000
close_sim
INFO: [Simtcl 6-16] Simulation closed
exit
INFO: [Common 17-206] Exiting Vivado at Mon May  3 22:05:01 2021...
