Copyright 1986-2020 Xilinx, Inc. All Rights Reserved.
-----------------------------------------------------------------------------------------------------------------------------------------------
| Tool Version : Vivado v.2020.2 (win64) Build 3064766 Wed Nov 18 09:12:45 MST 2020
| Date         : Sun May  2 21:18:48 2021
| Host         : DESKTOP-MLV1D95 running 64-bit major release  (build 9200)
| Command      : report_methodology -file top_methodology_drc_routed.rpt -pb top_methodology_drc_routed.pb -rpx top_methodology_drc_routed.rpx
| Design       : top
| Device       : xc7a100tcsg324-1
| Speed File   : -1
| Design State : Fully Routed
-----------------------------------------------------------------------------------------------------------------------------------------------

Report Methodology

Table of Contents
-----------------
1. REPORT SUMMARY
2. REPORT DETAILS

1. REPORT SUMMARY
-----------------
            Netlist: netlist
          Floorplan: design_1
      Design limits: <entire design considered>
             Max violations: <unlimited>
             Violations found: 42
+-----------+------------------+------------------------------+------------+
| Rule      | Severity         | Description                  | Violations |
+-----------+------------------+------------------------------+------------+
| TIMING-17 | Critical Warning | Non-clocked sequential cell  | 3          |
| LUTAR-1   | Warning          | LUT drives async reset alert | 3          |
| TIMING-20 | Warning          | Non-clocked latch            | 36         |
+-----------+------------------+------------------------------+------------+

2. REPORT DETAILS
-----------------
TIMING-17#1 Critical Warning
Non-clocked sequential cell  
The clock pin door_lock_system/disp_cnt/s_reset_disp_reg_C/C is not reached by a timing clock
Related violations: <none>

TIMING-17#2 Critical Warning
Non-clocked sequential cell  
The clock pin door_lock_system/disp_cnt/s_reset_disp_reg_P/C is not reached by a timing clock
Related violations: <none>

TIMING-17#3 Critical Warning
Non-clocked sequential cell  
The clock pin door_lock_system/disp_cnt/s_set_disp_reg/C is not reached by a timing clock
Related violations: <none>

LUTAR-1#1 Warning
LUT drives async reset alert  
LUT cell door_lock_system/disp_cnt/s_cnt_reg[2]_i_3, with 2 or more inputs, drives asynchronous preset/clear pin(s) door_lock_system/disp_cnt/s_cnt_reg[0]/CLR,
door_lock_system/disp_cnt/s_cnt_reg[1]/CLR,
door_lock_system/disp_cnt/s_cnt_reg[2]/CLR
door_lock_system/disp_cnt/s_reset_disp_reg_P/PRE. The LUT may glitch and trigger an unexpected reset, even if it is a properly timed path.
Related violations: <none>

LUTAR-1#2 Warning
LUT drives async reset alert  
LUT cell door_lock_system/disp_cnt/s_display_time[1]_i_3, with 2 or more inputs, drives asynchronous preset/clear pin(s) door_lock_system/disp_cnt/s_display_time_reg[10]/CLR,
door_lock_system/disp_cnt/s_display_time_reg[11]/CLR,
door_lock_system/disp_cnt/s_display_time_reg[12]/CLR,
door_lock_system/disp_cnt/s_display_time_reg[13]/CLR,
door_lock_system/disp_cnt/s_display_time_reg[14]/CLR,
door_lock_system/disp_cnt/s_display_time_reg[15]/CLR,
door_lock_system/disp_cnt/s_display_time_reg[16]/CLR,
door_lock_system/disp_cnt/s_display_time_reg[17]/CLR,
door_lock_system/disp_cnt/s_display_time_reg[18]/CLR,
door_lock_system/disp_cnt/s_display_time_reg[19]/CLR,
door_lock_system/disp_cnt/s_display_time_reg[1]/CLR,
door_lock_system/disp_cnt/s_display_time_reg[20]/CLR,
door_lock_system/disp_cnt/s_display_time_reg[21]/CLR,
door_lock_system/disp_cnt/s_display_time_reg[22]/CLR,
door_lock_system/disp_cnt/s_display_time_reg[23]/CLR
 (the first 15 of 30 listed). The LUT may glitch and trigger an unexpected reset, even if it is a properly timed path.
Related violations: <none>

LUTAR-1#3 Warning
LUT drives async reset alert  
LUT cell door_lock_system/disp_cnt/s_reset_disp_reg_LDC_i_1, with 2 or more inputs, drives asynchronous preset/clear pin(s) door_lock_system/disp_cnt/s_reset_disp_reg_C/CLR
door_lock_system/disp_cnt/s_reset_disp_reg_LDC/CLR. The LUT may glitch and trigger an unexpected reset, even if it is a properly timed path.
Related violations: <none>

TIMING-20#1 Warning
Non-clocked latch  
The latch door_lock_system/disp_cnt/s_cnt_reg[0] cannot be properly analyzed as its control pin door_lock_system/disp_cnt/s_cnt_reg[0]/G is not reached by a timing clock
Related violations: <none>

TIMING-20#2 Warning
Non-clocked latch  
The latch door_lock_system/disp_cnt/s_cnt_reg[1] cannot be properly analyzed as its control pin door_lock_system/disp_cnt/s_cnt_reg[1]/G is not reached by a timing clock
Related violations: <none>

TIMING-20#3 Warning
Non-clocked latch  
The latch door_lock_system/disp_cnt/s_cnt_reg[2] cannot be properly analyzed as its control pin door_lock_system/disp_cnt/s_cnt_reg[2]/G is not reached by a timing clock
Related violations: <none>

TIMING-20#4 Warning
Non-clocked latch  
The latch door_lock_system/disp_cnt/s_internal2_display_1_o_reg[0] cannot be properly analyzed as its control pin door_lock_system/disp_cnt/s_internal2_display_1_o_reg[0]/G is not reached by a timing clock
Related violations: <none>

TIMING-20#5 Warning
Non-clocked latch  
The latch door_lock_system/disp_cnt/s_internal2_display_1_o_reg[1] cannot be properly analyzed as its control pin door_lock_system/disp_cnt/s_internal2_display_1_o_reg[1]/G is not reached by a timing clock
Related violations: <none>

TIMING-20#6 Warning
Non-clocked latch  
The latch door_lock_system/disp_cnt/s_internal2_display_1_o_reg[2] cannot be properly analyzed as its control pin door_lock_system/disp_cnt/s_internal2_display_1_o_reg[2]/G is not reached by a timing clock
Related violations: <none>

TIMING-20#7 Warning
Non-clocked latch  
The latch door_lock_system/disp_cnt/s_internal2_display_1_o_reg[3] cannot be properly analyzed as its control pin door_lock_system/disp_cnt/s_internal2_display_1_o_reg[3]/G is not reached by a timing clock
Related violations: <none>

TIMING-20#8 Warning
Non-clocked latch  
The latch door_lock_system/disp_cnt/s_internal2_display_2_o_reg[0] cannot be properly analyzed as its control pin door_lock_system/disp_cnt/s_internal2_display_2_o_reg[0]/G is not reached by a timing clock
Related violations: <none>

TIMING-20#9 Warning
Non-clocked latch  
The latch door_lock_system/disp_cnt/s_internal2_display_2_o_reg[1] cannot be properly analyzed as its control pin door_lock_system/disp_cnt/s_internal2_display_2_o_reg[1]/G is not reached by a timing clock
Related violations: <none>

TIMING-20#10 Warning
Non-clocked latch  
The latch door_lock_system/disp_cnt/s_internal2_display_2_o_reg[2] cannot be properly analyzed as its control pin door_lock_system/disp_cnt/s_internal2_display_2_o_reg[2]/G is not reached by a timing clock
Related violations: <none>

TIMING-20#11 Warning
Non-clocked latch  
The latch door_lock_system/disp_cnt/s_internal2_display_2_o_reg[3] cannot be properly analyzed as its control pin door_lock_system/disp_cnt/s_internal2_display_2_o_reg[3]/G is not reached by a timing clock
Related violations: <none>

TIMING-20#12 Warning
Non-clocked latch  
The latch door_lock_system/disp_cnt/s_internal2_display_3_o_reg[0] cannot be properly analyzed as its control pin door_lock_system/disp_cnt/s_internal2_display_3_o_reg[0]/G is not reached by a timing clock
Related violations: <none>

TIMING-20#13 Warning
Non-clocked latch  
The latch door_lock_system/disp_cnt/s_internal2_display_3_o_reg[1] cannot be properly analyzed as its control pin door_lock_system/disp_cnt/s_internal2_display_3_o_reg[1]/G is not reached by a timing clock
Related violations: <none>

TIMING-20#14 Warning
Non-clocked latch  
The latch door_lock_system/disp_cnt/s_internal2_display_3_o_reg[2] cannot be properly analyzed as its control pin door_lock_system/disp_cnt/s_internal2_display_3_o_reg[2]/G is not reached by a timing clock
Related violations: <none>

TIMING-20#15 Warning
Non-clocked latch  
The latch door_lock_system/disp_cnt/s_internal2_display_3_o_reg[3] cannot be properly analyzed as its control pin door_lock_system/disp_cnt/s_internal2_display_3_o_reg[3]/G is not reached by a timing clock
Related violations: <none>

TIMING-20#16 Warning
Non-clocked latch  
The latch door_lock_system/disp_cnt/s_internal2_display_4_o_reg[0] cannot be properly analyzed as its control pin door_lock_system/disp_cnt/s_internal2_display_4_o_reg[0]/G is not reached by a timing clock
Related violations: <none>

TIMING-20#17 Warning
Non-clocked latch  
The latch door_lock_system/disp_cnt/s_internal2_display_4_o_reg[1] cannot be properly analyzed as its control pin door_lock_system/disp_cnt/s_internal2_display_4_o_reg[1]/G is not reached by a timing clock
Related violations: <none>

TIMING-20#18 Warning
Non-clocked latch  
The latch door_lock_system/disp_cnt/s_internal2_display_4_o_reg[2] cannot be properly analyzed as its control pin door_lock_system/disp_cnt/s_internal2_display_4_o_reg[2]/G is not reached by a timing clock
Related violations: <none>

TIMING-20#19 Warning
Non-clocked latch  
The latch door_lock_system/disp_cnt/s_internal2_display_4_o_reg[3] cannot be properly analyzed as its control pin door_lock_system/disp_cnt/s_internal2_display_4_o_reg[3]/G is not reached by a timing clock
Related violations: <none>

TIMING-20#20 Warning
Non-clocked latch  
The latch door_lock_system/disp_cnt/s_internal2_passcode_1_o_reg[0] cannot be properly analyzed as its control pin door_lock_system/disp_cnt/s_internal2_passcode_1_o_reg[0]/G is not reached by a timing clock
Related violations: <none>

TIMING-20#21 Warning
Non-clocked latch  
The latch door_lock_system/disp_cnt/s_internal2_passcode_1_o_reg[1] cannot be properly analyzed as its control pin door_lock_system/disp_cnt/s_internal2_passcode_1_o_reg[1]/G is not reached by a timing clock
Related violations: <none>

TIMING-20#22 Warning
Non-clocked latch  
The latch door_lock_system/disp_cnt/s_internal2_passcode_1_o_reg[2] cannot be properly analyzed as its control pin door_lock_system/disp_cnt/s_internal2_passcode_1_o_reg[2]/G is not reached by a timing clock
Related violations: <none>

TIMING-20#23 Warning
Non-clocked latch  
The latch door_lock_system/disp_cnt/s_internal2_passcode_1_o_reg[3] cannot be properly analyzed as its control pin door_lock_system/disp_cnt/s_internal2_passcode_1_o_reg[3]/G is not reached by a timing clock
Related violations: <none>

TIMING-20#24 Warning
Non-clocked latch  
The latch door_lock_system/disp_cnt/s_internal2_passcode_2_o_reg[0] cannot be properly analyzed as its control pin door_lock_system/disp_cnt/s_internal2_passcode_2_o_reg[0]/G is not reached by a timing clock
Related violations: <none>

TIMING-20#25 Warning
Non-clocked latch  
The latch door_lock_system/disp_cnt/s_internal2_passcode_2_o_reg[1] cannot be properly analyzed as its control pin door_lock_system/disp_cnt/s_internal2_passcode_2_o_reg[1]/G is not reached by a timing clock
Related violations: <none>

TIMING-20#26 Warning
Non-clocked latch  
The latch door_lock_system/disp_cnt/s_internal2_passcode_2_o_reg[2] cannot be properly analyzed as its control pin door_lock_system/disp_cnt/s_internal2_passcode_2_o_reg[2]/G is not reached by a timing clock
Related violations: <none>

TIMING-20#27 Warning
Non-clocked latch  
The latch door_lock_system/disp_cnt/s_internal2_passcode_2_o_reg[3] cannot be properly analyzed as its control pin door_lock_system/disp_cnt/s_internal2_passcode_2_o_reg[3]/G is not reached by a timing clock
Related violations: <none>

TIMING-20#28 Warning
Non-clocked latch  
The latch door_lock_system/disp_cnt/s_internal2_passcode_3_o_reg[0] cannot be properly analyzed as its control pin door_lock_system/disp_cnt/s_internal2_passcode_3_o_reg[0]/G is not reached by a timing clock
Related violations: <none>

TIMING-20#29 Warning
Non-clocked latch  
The latch door_lock_system/disp_cnt/s_internal2_passcode_3_o_reg[1] cannot be properly analyzed as its control pin door_lock_system/disp_cnt/s_internal2_passcode_3_o_reg[1]/G is not reached by a timing clock
Related violations: <none>

TIMING-20#30 Warning
Non-clocked latch  
The latch door_lock_system/disp_cnt/s_internal2_passcode_3_o_reg[2] cannot be properly analyzed as its control pin door_lock_system/disp_cnt/s_internal2_passcode_3_o_reg[2]/G is not reached by a timing clock
Related violations: <none>

TIMING-20#31 Warning
Non-clocked latch  
The latch door_lock_system/disp_cnt/s_internal2_passcode_3_o_reg[3] cannot be properly analyzed as its control pin door_lock_system/disp_cnt/s_internal2_passcode_3_o_reg[3]/G is not reached by a timing clock
Related violations: <none>

TIMING-20#32 Warning
Non-clocked latch  
The latch door_lock_system/disp_cnt/s_internal2_passcode_4_o_reg[0] cannot be properly analyzed as its control pin door_lock_system/disp_cnt/s_internal2_passcode_4_o_reg[0]/G is not reached by a timing clock
Related violations: <none>

TIMING-20#33 Warning
Non-clocked latch  
The latch door_lock_system/disp_cnt/s_internal2_passcode_4_o_reg[1] cannot be properly analyzed as its control pin door_lock_system/disp_cnt/s_internal2_passcode_4_o_reg[1]/G is not reached by a timing clock
Related violations: <none>

TIMING-20#34 Warning
Non-clocked latch  
The latch door_lock_system/disp_cnt/s_internal2_passcode_4_o_reg[2] cannot be properly analyzed as its control pin door_lock_system/disp_cnt/s_internal2_passcode_4_o_reg[2]/G is not reached by a timing clock
Related violations: <none>

TIMING-20#35 Warning
Non-clocked latch  
The latch door_lock_system/disp_cnt/s_internal2_passcode_4_o_reg[3] cannot be properly analyzed as its control pin door_lock_system/disp_cnt/s_internal2_passcode_4_o_reg[3]/G is not reached by a timing clock
Related violations: <none>

TIMING-20#36 Warning
Non-clocked latch  
The latch door_lock_system/disp_cnt/s_reset_disp_reg_LDC cannot be properly analyzed as its control pin door_lock_system/disp_cnt/s_reset_disp_reg_LDC/G is not reached by a timing clock
Related violations: <none>


